Performing C++ SOURCE FILE Test HAVE_BOOST_BYTESWAP failed with the following output:
Change Dir: /Users/admin/Desktop/utag/build/CMakeFiles/CMakeTmp

Run Build Command(s):/usr/bin/make cmTC_890ac/fast && /Library/Developer/CommandLineTools/usr/bin/make  -f CMakeFiles/cmTC_890ac.dir/build.make CMakeFiles/cmTC_890ac.dir/build
Building CXX object CMakeFiles/cmTC_890ac.dir/src.cxx.o
/Library/Developer/CommandLineTools/usr/bin/c++   -DHAVE_BOOST_BYTESWAP -isysroot /Library/Developer/CommandLineTools/SDKs/MacOSX10.14.sdk -o CMakeFiles/cmTC_890ac.dir/src.cxx.o -c /Users/admin/Desktop/utag/build/CMakeFiles/CMakeTmp/src.cxx
/Users/admin/Desktop/utag/build/CMakeFiles/CMakeTmp/src.cxx:2:12: fatal error: 'boost/endian/conversion.hpp' file not found
  #include <boost/endian/conversion.hpp>
           ^~~~~~~~~~~~~~~~~~~~~~~~~~~~~
1 error generated.
make[1]: *** [CMakeFiles/cmTC_890ac.dir/src.cxx.o] Error 1
make: *** [cmTC_890ac/fast] Error 2


Source file was:

  #include <boost/endian/conversion.hpp>
  int main() {
    boost::endian::endian_reverse(static_cast<uint16_t>(1));
    boost::endian::endian_reverse(static_cast<uint32_t>(1));
    boost::endian::endian_reverse(static_cast<uint64_t>(1));
    return 0;
  }

Performing C++ SOURCE FILE Test HAVE_ISO_STRDUP failed with the following output:
Change Dir: /Users/admin/Desktop/utag/build/CMakeFiles/CMakeTmp

Run Build Command(s):/usr/bin/make cmTC_97888/fast && /Library/Developer/CommandLineTools/usr/bin/make  -f CMakeFiles/cmTC_97888.dir/build.make CMakeFiles/cmTC_97888.dir/build
Building CXX object CMakeFiles/cmTC_97888.dir/src.cxx.o
/Library/Developer/CommandLineTools/usr/bin/c++   -DHAVE_ISO_STRDUP -isysroot /Library/Developer/CommandLineTools/SDKs/MacOSX10.14.sdk -o CMakeFiles/cmTC_97888.dir/src.cxx.o -c /Users/admin/Desktop/utag/build/CMakeFiles/CMakeTmp/src.cxx
/Users/admin/Desktop/utag/build/CMakeFiles/CMakeTmp/src.cxx:4:5: error: use of undeclared identifier '_strdup'; did you mean 'strdup'?
    _strdup(0);
    ^~~~~~~
    strdup
/Library/Developer/CommandLineTools/SDKs/MacOSX10.14.sdk/usr/include/string.h:117:7: note: 'strdup' declared here
char    *strdup(const char *__s1);
         ^
1 error generated.
make[1]: *** [CMakeFiles/cmTC_97888.dir/src.cxx.o] Error 1
make: *** [cmTC_97888/fast] Error 2


Source file was:

  #include <cstring>
  int main() {
    _strdup(0);
    return 0;
  }

Determining if the function __RTTI___ exists in the Crun failed with the following output:
Change Dir: /Users/admin/Desktop/utag/build/CMakeFiles/CMakeTmp

Run Build Command(s):/usr/bin/make cmTC_e2ce1/fast && /Library/Developer/CommandLineTools/usr/bin/make  -f CMakeFiles/cmTC_e2ce1.dir/build.make CMakeFiles/cmTC_e2ce1.dir/build
Building C object CMakeFiles/cmTC_e2ce1.dir/CheckFunctionExists.c.o
/Library/Developer/CommandLineTools/usr/bin/cc   -DCHECK_FUNCTION_EXISTS=__RTTI___ -isysroot /Library/Developer/CommandLineTools/SDKs/MacOSX10.14.sdk -o CMakeFiles/cmTC_e2ce1.dir/CheckFunctionExists.c.o -c /usr/local/Cellar/cmake/3.18.1/share/cmake/Modules/CheckFunctionExists.c
Linking C executable cmTC_e2ce1
/usr/local/Cellar/cmake/3.18.1/bin/cmake -E cmake_link_script CMakeFiles/cmTC_e2ce1.dir/link.txt --verbose=1
/Library/Developer/CommandLineTools/usr/bin/cc  -DCHECK_FUNCTION_EXISTS=__RTTI___ -isysroot /Library/Developer/CommandLineTools/SDKs/MacOSX10.14.sdk -Wl,-search_paths_first -Wl,-headerpad_max_install_names CMakeFiles/cmTC_e2ce1.dir/CheckFunctionExists.c.o -o cmTC_e2ce1  -lCrun 
ld: library not found for -lCrun
clang: error: linker command failed with exit code 1 (use -v to see invocation)
make[1]: *** [cmTC_e2ce1] Error 1
make: *** [cmTC_e2ce1/fast] Error 2



